2026-01-01 20:39:02,797 - root - ERROR - This is error message
2026-01-01 20:39:02,797 - root - CRITICAL - This is critical message
2026-01-01 20:39:22,168 - root - INFO - This is info message
2026-01-01 20:39:22,168 - root - WARNING - This is warning message
2026-01-01 20:39:22,168 - root - ERROR - This is error message
2026-01-01 20:39:22,168 - root - CRITICAL - This is critical message
2026-01-01 21:43:41,601 - root - INFO - This is info message
2026-01-01 21:43:41,601 - root - WARNING - This is warning message
2026-01-01 21:43:41,601 - root - ERROR - This is error message
2026-01-01 21:43:41,601 - root - CRITICAL - This is critical message
2026-01-01 21:43:41,602 - TESTLOGGER - CRITICAL - This is critical message
2026-01-01 21:43:41,602 - TESTLOGGER - CRITICAL - This is critical message
2026-01-01 21:43:41,602 - root - INFO - This is info message
2026-01-01 21:43:41,602 - root - WARNING - This is warning message
2026-01-01 21:43:41,603 - root - ERROR - This is error message
2026-01-01 21:43:41,603 - root - CRITICAL - This is critical message
2026-01-01 21:43:53,536 - root - INFO - This is info message
2026-01-01 21:43:53,537 - root - WARNING - This is warning message
2026-01-01 21:43:53,537 - root - ERROR - This is error message
2026-01-01 21:43:53,537 - root - CRITICAL - This is critical message
2026-01-01 21:43:53,537 - TESTLOGGER - CRITICAL - This is critical message
2026-01-01 21:43:53,537 - TESTLOGGER - CRITICAL - This is critical message
2026-01-01 21:43:53,537 - root - INFO - This is info message
2026-01-01 21:43:53,537 - root - WARNING - This is warning message
2026-01-01 21:43:53,537 - root - ERROR - This is error message
2026-01-01 21:43:53,537 - root - CRITICAL - This is critical message
2026-01-01 21:44:30,808 - root - INFO - This is info message
2026-01-01 21:44:30,808 - root - WARNING - This is warning message
2026-01-01 21:44:30,808 - root - ERROR - This is error message
2026-01-01 21:44:30,808 - root - CRITICAL - This is critical message
2026-01-01 21:44:30,808 - TESTLOGGER - CRITICAL - This is critical message
2026-01-01 21:44:30,808 - TESTLOGGER - CRITICAL - This is critical message
2026-01-01 21:44:30,809 - root - INFO - This is info message
2026-01-01 21:44:30,809 - root - WARNING - This is warning message
2026-01-01 21:44:30,809 - root - ERROR - This is error message
2026-01-01 21:44:30,809 - root - CRITICAL - This is critical message
